<?xml version="1.0" encoding="UTF-8"?>
<!-- Generated by org.testng.reporters.JUnitXMLReporter -->
<testsuite hostname="apsep04561" name="Automation" tests="2" failures="2" timestamp="20 Jan 2020 13:02:38 GMT" time="67.002" errors="0">
  <testcase name="startTest" time="66.967" classname="testNG.RunAutomationTests">
    <failure type="org.openqa.selenium.NoSuchElementException" message="Cannot locate element with text: Benefits Documents
For documentation on this error, please visit: https://www.seleniumhq.org/exceptions/no_such_element.html
Build info: version: &amp;apos;3.141.59&amp;apos;, revision: &amp;apos;e82be7d358&amp;apos;, time: &amp;apos;2018-11-14T08:17:03&amp;apos;
System info: host: &amp;apos;APSEP04561&amp;apos;, ip: &amp;apos;10.204.67.165&amp;apos;, os.name: &amp;apos;Windows Server 2012 R2&amp;apos;, os.arch: &amp;apos;amd64&amp;apos;, os.version: &amp;apos;6.3&amp;apos;, java.version: &amp;apos;1.8.0_181&amp;apos;
Driver info: driver.version: unknown">
      <![CDATA[org.openqa.selenium.NoSuchElementException: Cannot locate element with text: Benefits Documents
For documentation on this error, please visit: https://www.seleniumhq.org/exceptions/no_such_element.html
Build info: version: '3.141.59', revision: 'e82be7d358', time: '2018-11-14T08:17:03'
System info: host: 'APSEP04561', ip: '10.204.67.165', os.name: 'Windows Server 2012 R2', os.arch: 'amd64', os.version: '6.3', java.version: '1.8.0_181'
Driver info: driver.version: unknown
	at org.openqa.selenium.support.ui.Select.selectByVisibleText(Select.java:147)
	at uniqueIdDataFromDB.DocClassAutomation.getAttrColValues(DocClassAutomation.java:56)
	at uniqueIdDataFromDB.DocClassAutomation.doc360Automation(DocClassAutomation.java:433)
	at testNG.RunAutomationTests.startTest(RunAutomationTests.java:15)
... Removed 25 stack frames]]>
    </failure>
  </testcase> <!-- startTest -->
  <testcase name="startTest" time="66.967" classname="testNG.RunAutomationTests">
    <failure type="org.openqa.selenium.NoSuchElementException" message="Cannot locate element with text: Benefits Documents
For documentation on this error, please visit: https://www.seleniumhq.org/exceptions/no_such_element.html
Build info: version: &amp;apos;3.141.59&amp;apos;, revision: &amp;apos;e82be7d358&amp;apos;, time: &amp;apos;2018-11-14T08:17:03&amp;apos;
System info: host: &amp;apos;APSEP04561&amp;apos;, ip: &amp;apos;10.204.67.165&amp;apos;, os.name: &amp;apos;Windows Server 2012 R2&amp;apos;, os.arch: &amp;apos;amd64&amp;apos;, os.version: &amp;apos;6.3&amp;apos;, java.version: &amp;apos;1.8.0_181&amp;apos;
Driver info: driver.version: unknown">
      <![CDATA[org.openqa.selenium.NoSuchElementException: Cannot locate element with text: Benefits Documents
For documentation on this error, please visit: https://www.seleniumhq.org/exceptions/no_such_element.html
Build info: version: '3.141.59', revision: 'e82be7d358', time: '2018-11-14T08:17:03'
System info: host: 'APSEP04561', ip: '10.204.67.165', os.name: 'Windows Server 2012 R2', os.arch: 'amd64', os.version: '6.3', java.version: '1.8.0_181'
Driver info: driver.version: unknown
	at org.openqa.selenium.support.ui.Select.selectByVisibleText(Select.java:147)
	at uniqueIdDataFromDB.DocClassAutomation.getAttrColValues(DocClassAutomation.java:56)
	at uniqueIdDataFromDB.DocClassAutomation.doc360Automation(DocClassAutomation.java:433)
	at testNG.RunAutomationTests.startTest(RunAutomationTests.java:15)
... Removed 25 stack frames]]>
    </failure>
  </testcase> <!-- startTest -->
</testsuite> <!-- Automation -->
